"Start of log file."
"C:/Users/Richard/DOCUME~1/Unity/BLITZB~1/Assets/Models/VOXELT~1.MAX"
"Starting max loading and fbx conversion"
window = undefined
"Settings units"
"Before fbx export"
"After fbx export"
"Finished max loading and fbx conversion"
"C:/Users/Richard/DOCUME~1/Unity/BLITZB~1/Assets/Models/Bee.max"
"Starting max loading and fbx conversion"
window = undefined
"Settings units"
"Before fbx export"
"After fbx export"
"Finished max loading and fbx conversion"
"C:/Users/Richard/DOCUME~1/Unity/BLITZB~1/Assets/Models/Bee_Lvl2.max"
"Starting max loading and fbx conversion"
window = undefined
"Settings units"
"Before fbx export"
"After fbx export"
"Finished max loading and fbx conversion"
"C:/Users/Richard/DOCUME~1/Unity/BLITZB~1/Assets/Models/Bee1.max"
"Starting max loading and fbx conversion"
window = undefined
"Settings units"
"Before fbx export"
"After fbx export"
"Finished max loading and fbx conversion"
"C:/Users/Richard/DOCUME~1/Unity/BLITZB~1/Assets/Models/Bomb.max"
"Starting max loading and fbx conversion"
window = undefined
"Settings units"
"Before fbx export"
"After fbx export"
"Finished max loading and fbx conversion"
"C:/Users/Richard/DOCUME~1/Unity/BLITZB~1/Assets/Models/Stars.max"
"Starting max loading and fbx conversion"
window = undefined
"Settings units"
"Before fbx export"
"After fbx export"
"Finished max loading and fbx conversion"
"C:/Users/Richard/DOCUME~1/Unity/BLITZB~1/Assets/Models/HIVEPE~1.MAX"
"Starting max loading and fbx conversion"
window = undefined
"Settings units"
"Before fbx export"
"After fbx export"
"Finished max loading and fbx conversion"
"C:/Users/Richard/DOCUME~1/Unity/BLITZB~1/Assets/Models/Tree.max"
"Starting max loading and fbx conversion"
window = undefined
"Settings units"
"Before fbx export"
"After fbx export"
"Finished max loading and fbx conversion"
"C:/Users/Richard/DOCUME~1/Unity/BLITZB~1/Assets/Models/ItemBox.max"
"Starting max loading and fbx conversion"
window = undefined
"Settings units"
"Before fbx export"
"After fbx export"
"Finished max loading and fbx conversion"
"C:/Users/Richard/DOCUME~1/Unity/BLITZB~1/Assets/Models/Coin.max"
"Starting max loading and fbx conversion"
window = undefined
"Settings units"
"Before fbx export"
"After fbx export"
"Finished max loading and fbx conversion"
"C:/Users/Richard/DOCUME~1/Unity/BLITZB~1/Assets/Models/Flower2.max"
"Starting max loading and fbx conversion"
window = undefined
"Settings units"
"Before fbx export"
"After fbx export"
"Finished max loading and fbx conversion"
"C:/Users/Richard/DOCUME~1/Unity/BLITZB~1/Assets/Models/Hammer.max"
"Starting max loading and fbx conversion"
window = undefined
"Settings units"
"Before fbx export"
"After fbx export"
"Finished max loading and fbx conversion"
"C:/Users/Richard/DOCUME~1/Unity/BLITZB~1/Assets/Models/map.max"
"Starting max loading and fbx conversion"
window = undefined
"Settings units"
"Before fbx export"
"After fbx export"
"Finished max loading and fbx conversion"
"C:/Users/Richard/DOCUME~1/Unity/BLITZB~1/Assets/Models/Hive.max"
"Starting max loading and fbx conversion"
window = undefined
"Settings units"
"Before fbx export"
"After fbx export"
"Finished max loading and fbx conversion"
"C:/Users/Richard/DOCUME~1/Unity/BLITZB~1/Assets/Models/Bush.max"
"Starting max loading and fbx conversion"
window = undefined
"Settings units"
"Before fbx export"
"After fbx export"
"Finished max loading and fbx conversion"
"C:/Users/Richard/DOCUME~1/Unity/BLITZB~1/Assets/Models/Rock.max"
"Starting max loading and fbx conversion"
window = undefined
"Settings units"
"Before fbx export"
"After fbx export"
"Finished max loading and fbx conversion"
"C:/Users/Richard/DOCUME~1/Unity/BLITZB~1/Assets/Models/Bear.max"
"Starting max loading and fbx conversion"
window = undefined
"Settings units"
"Before fbx export"
"After fbx export"
"Finished max loading and fbx conversion"
"C:/Users/Richard/DOCUME~1/Unity/BLITZB~1/Assets/Models/2SIDED~1.MAX"
"Starting max loading and fbx conversion"
window = undefined
"Settings units"
"Before fbx export"
"After fbx export"
"Finished max loading and fbx conversion"
